<?xml version="1.0" encoding="UTF-8"?>
<!-- Generated by org.testng.reporters.JUnitXMLReporter -->
<testsuite hostname="pnawal-t460" ignored="0" name="Create RTI and DT, commit and approve changes" tests="3" failures="0" timestamp="25 Sep 2018 08:50:24 GMT" time="90.075" errors="0">
  <testcase name="approveDT" time="1.319" classname="com.tibco.be.rms.testcases.ApproveTest"/>
  <testcase name="approveBuilderRTI" time="0.517" classname="com.tibco.be.rms.testcases.ApproveTest"/>
  <testcase name="approveViewRTI" time="0.356" classname="com.tibco.be.rms.testcases.ApproveTest"/>
</testsuite> <!-- Create RTI and DT, commit and approve changes -->
