<?xml version="1.0" encoding="UTF-8"?>
<!-- Generated by org.testng.reporters.JUnitXMLReporter -->
<testsuite hostname="pnawal-t460" ignored="0" name="Delete renamed artifacts(DT,RTI)" tests="4" failures="0" timestamp="04 Sep 2018 11:22:30 GMT" time="0.924" errors="0">
  <testcase name="deleteArtifacts" time="0.298" classname="com.tests.DeleteArtifacts"/>
  <testcase name="fetchDT" time="0.235" classname="com.tests.DeleteArtifacts"/>
  <testcase name="fetchBuilderRTI" time="0.099" classname="com.tests.DeleteArtifacts"/>
  <testcase name="fetchViewRTI" time="0.104" classname="com.tests.DeleteArtifacts"/>
</testsuite> <!-- Delete renamed artifacts(DT,RTI) -->
