<?xml version="1.0" encoding="UTF-8"?>
<!-- Generated by org.testng.reporters.JUnitXMLReporter -->
<testsuite hostname="pnawal-t460" ignored="0" name="Delete artifacts, commit and approve changes" tests="2" failures="1" timestamp="12 Sep 2018 07:32:07 GMT" time="5.284" errors="0">
  <testcase name="@AfterMethod getResult" time="0.001" classname="com.tibco.be.rms.testcases.DeleteAndApproveArtifactsTest">
    <failure type="java.lang.NullPointerException">
      <![CDATA[java.lang.NullPointerException
at com.tibco.be.rms.testcases.DeleteAndApproveArtifactsTest.getResult(DeleteAndApproveArtifactsTest.java:105)
... Removed 28 stack frames]]>
    </failure>
  </testcase> <!-- @AfterMethod getResult -->
  <testcase name="@AfterMethod getResult" time="0.0" classname="com.tibco.be.rms.testcases.DeleteAndApproveArtifactsTest">
    <skipped/>
  </testcase> <!-- @AfterMethod getResult -->
  <testcase name="@AfterClass cleanup" time="0.0" classname="com.tibco.be.rms.testcases.DeleteAndApproveArtifactsTest">
    <skipped/>
  </testcase> <!-- @AfterClass cleanup -->
  <testcase name="deleteArtifacts" time="0.002" classname="com.tibco.be.rms.testcases.DeleteAndApproveArtifactsTest">
    <failure type="java.lang.NullPointerException">
      <![CDATA[java.lang.NullPointerException
at com.tibco.be.rms.testcases.DeleteAndApproveArtifactsTest.deleteArtifacts(DeleteAndApproveArtifactsTest.java:44)
... Removed 25 stack frames]]>
    </failure>
  </testcase> <!-- deleteArtifacts -->
  <testcase name="approveChanges" time="0.0" classname="com.tibco.be.rms.testcases.DeleteAndApproveArtifactsTest">
    <skipped/>
  </testcase> <!-- approveChanges -->
</testsuite> <!-- Delete artifacts, commit and approve changes -->
