<?xml version="1.0" encoding="UTF-8"?>
<!-- Generated by org.testng.reporters.JUnitXMLReporter -->
<testsuite hostname="pnawal-t460" ignored="0" name="Lock-Unlock test" tests="3" failures="0" timestamp="04 Sep 2018 11:22:25 GMT" time="0.585" errors="0">
  <testcase name="manageLocks" time="0.054" classname="com.tests.LockUnlockArtifacts"/>
  <testcase name="lockArtifact" time="0.241" classname="com.tests.LockUnlockArtifacts"/>
  <testcase name="unlockArtifact" time="0.145" classname="com.tests.LockUnlockArtifacts"/>
</testsuite> <!-- Lock-Unlock test -->
