<?xml version="1.0" encoding="UTF-8"?>
<!-- Generated by org.testng.reporters.JUnitXMLReporter -->
<testsuite hostname="pnawal-t460" ignored="0" name="Notification preferences" tests="2" failures="1" timestamp="12 Sep 2018 07:31:56 GMT" time="132.078" errors="0">
  <testcase name="@AfterMethod getResult" time="0.013" classname="com.tibco.be.rms.testcases.NotificationPreferencesTest">
    <failure type="java.lang.NullPointerException">
      <![CDATA[java.lang.NullPointerException
at com.tibco.be.rms.testcases.NotificationPreferencesTest.getResult(NotificationPreferencesTest.java:66)
... Removed 28 stack frames]]>
    </failure>
  </testcase> <!-- @AfterMethod getResult -->
  <testcase name="@AfterMethod getResult" time="0.0" classname="com.tibco.be.rms.testcases.NotificationPreferencesTest">
    <skipped/>
  </testcase> <!-- @AfterMethod getResult -->
  <testcase name="@AfterClass cleanup" time="0.0" classname="com.tibco.be.rms.testcases.NotificationPreferencesTest">
    <skipped/>
  </testcase> <!-- @AfterClass cleanup -->
  <testcase name="updateNotificationPreferences" time="0.013" classname="com.tibco.be.rms.testcases.NotificationPreferencesTest">
    <failure type="java.lang.NullPointerException">
      <![CDATA[java.lang.NullPointerException
at com.tibco.be.rms.testcases.NotificationPreferencesTest.updateNotificationPreferences(NotificationPreferencesTest.java:49)
... Removed 25 stack frames]]>
    </failure>
  </testcase> <!-- updateNotificationPreferences -->
  <testcase name="fetchNotificationPreferences" time="0.0" classname="com.tibco.be.rms.testcases.NotificationPreferencesTest">
    <skipped/>
  </testcase> <!-- fetchNotificationPreferences -->
</testsuite> <!-- Notification preferences -->
