<?xml version="1.0" encoding="UTF-8"?>
<!-- Generated by org.testng.reporters.JUnitXMLReporter -->
<testsuite hostname="pnawal-t460" ignored="0" name="Reject renamed artifacts(DT,RTI)" tests="3" failures="0" timestamp="04 Sep 2018 11:22:29 GMT" time="1.317" errors="0">
  <testcase name="commitArtifacts" time="0.306" classname="com.tests.RejectArtifacts"/>
  <testcase name="fetchWorklistItems" time="0.412" classname="com.tests.RejectArtifacts"/>
  <testcase name="reject" time="0.391" classname="com.tests.RejectArtifacts"/>
</testsuite> <!-- Reject renamed artifacts(DT,RTI) -->
