<?xml version="1.0" encoding="UTF-8"?>
<!-- Generated by org.testng.reporters.JUnitXMLReporter -->
<testsuite hostname="pnawal-t460" ignored="0" name="Rename DT and RTIs" tests="4" failures="0" timestamp="04 Sep 2018 11:22:27 GMT" time="1.748" errors="0">
  <testcase name="renameDT" time="0.528" classname="com.tests.RenameArtifacts"/>
  <testcase name="renameBuilderRTI" time="0.458" classname="com.tests.RenameArtifacts"/>
  <testcase name="renameViewRTI" time="0.367" classname="com.tests.RenameArtifacts"/>
  <testcase name="listArtifactsReadyToBeCommitted" time="0.225" classname="com.tests.RenameArtifacts"/>
</testsuite> <!-- Rename DT and RTIs -->
