<?xml version="1.0" encoding="UTF-8"?>
<!-- Generated by org.testng.reporters.JUnitXMLReporter -->
<testsuite hostname="pnawal-t460" ignored="0" name="Validate" tests="4" failures="0" timestamp="04 Sep 2018 11:21:55 GMT" time="49.516" errors="0">
  <testcase name="generateDeployable" time="31.869" classname="com.tests.ValidateArtifacts"/>
  <testcase name="validateBuilderRTI" time="0.776" classname="com.tests.ValidateArtifacts"/>
  <testcase name="validateViewRTI" time="0.214" classname="com.tests.ValidateArtifacts"/>
  <testcase name="validateDT" time="16.449" classname="com.tests.ValidateArtifacts"/>
</testsuite> <!-- Validate -->
