<?xml version="1.0" encoding="UTF-8"?>
<testng-results skipped="0" failed="0" ignored="0" total="1" passed="1">
  <reporter-output>
  </reporter-output>
  <suite name="Default suite" duration-ms="2579" started-at="2019-01-14T12:10:34Z" finished-at="2019-01-14T12:10:37Z">
    <groups>
    </groups>
    <test name="Default test" duration-ms="2579" started-at="2019-01-14T12:10:34Z" finished-at="2019-01-14T12:10:37Z">
      <class name="com.tests.Checkout">
        <test-method status="PASS" signature="getData()[pri:0, instance:com.tests.Checkout@343f4d3d]" name="getData" is-config="true" duration-ms="29" started-at="2019-01-14T12:10:34Z" finished-at="2019-01-14T12:10:34Z">
          <reporter-output>
          </reporter-output>
        </test-method> <!-- getData -->
        <test-method status="PASS" signature="login()[pri:0, instance:com.tests.Checkout@343f4d3d]" name="login" is-config="true" duration-ms="2458" started-at="2019-01-14T12:10:34Z" finished-at="2019-01-14T12:10:36Z">
          <reporter-output>
          </reporter-output>
        </test-method> <!-- login -->
        <test-method status="PASS" signature="checkout()[pri:0, instance:com.tests.Checkout@343f4d3d]" name="checkout" duration-ms="6" started-at="2019-01-14T12:10:36Z" finished-at="2019-01-14T12:10:36Z">
          <reporter-output>
          </reporter-output>
        </test-method> <!-- checkout -->
        <test-method status="PASS" signature="logout()[pri:0, instance:com.tests.Checkout@343f4d3d]" name="logout" is-config="true" duration-ms="72" started-at="2019-01-14T12:10:36Z" finished-at="2019-01-14T12:10:37Z">
          <reporter-output>
          </reporter-output>
        </test-method> <!-- logout -->
      </class> <!-- com.tests.Checkout -->
    </test> <!-- Default test -->
  </suite> <!-- Default suite -->
</testng-results>
